[2022-12-28T17:38:56.488-0300] {processor.py:153} INFO - Started process (PID=13699) to work on /home/debian/Documentos/PYTHONJOBS/airflowapp/venv/lib/python3.9/site-packages/airflow/example_dags/example_external_task_marker_dag.py
[2022-12-28T17:38:56.489-0300] {processor.py:743} INFO - Processing file /home/debian/Documentos/PYTHONJOBS/airflowapp/venv/lib/python3.9/site-packages/airflow/example_dags/example_external_task_marker_dag.py for tasks to queue
[2022-12-28T17:38:56.489-0300] {logging_mixin.py:137} INFO - [2022-12-28T17:38:56.489-0300] {dagbag.py:538} INFO - Filling up the DagBag from /home/debian/Documentos/PYTHONJOBS/airflowapp/venv/lib/python3.9/site-packages/airflow/example_dags/example_external_task_marker_dag.py
[2022-12-28T17:38:56.503-0300] {processor.py:753} INFO - DAG(s) dict_keys(['example_external_task_marker_parent', 'example_external_task_marker_child']) retrieved from /home/debian/Documentos/PYTHONJOBS/airflowapp/venv/lib/python3.9/site-packages/airflow/example_dags/example_external_task_marker_dag.py
[2022-12-28T17:38:56.610-0300] {logging_mixin.py:137} INFO - [2022-12-28T17:38:56.609-0300] {manager.py:504} INFO - Created Permission View: can read on DAG:example_external_task_marker_parent
[2022-12-28T17:38:56.617-0300] {logging_mixin.py:137} INFO - [2022-12-28T17:38:56.617-0300] {manager.py:504} INFO - Created Permission View: can delete on DAG:example_external_task_marker_parent
[2022-12-28T17:38:56.626-0300] {logging_mixin.py:137} INFO - [2022-12-28T17:38:56.625-0300] {manager.py:504} INFO - Created Permission View: can edit on DAG:example_external_task_marker_parent
[2022-12-28T17:38:56.643-0300] {logging_mixin.py:137} INFO - [2022-12-28T17:38:56.642-0300] {manager.py:504} INFO - Created Permission View: can read on DAG:example_external_task_marker_child
[2022-12-28T17:38:56.651-0300] {logging_mixin.py:137} INFO - [2022-12-28T17:38:56.650-0300] {manager.py:504} INFO - Created Permission View: can delete on DAG:example_external_task_marker_child
[2022-12-28T17:38:56.658-0300] {logging_mixin.py:137} INFO - [2022-12-28T17:38:56.657-0300] {manager.py:504} INFO - Created Permission View: can edit on DAG:example_external_task_marker_child
[2022-12-28T17:38:56.658-0300] {logging_mixin.py:137} INFO - [2022-12-28T17:38:56.658-0300] {dag.py:2676} INFO - Sync 2 DAGs
[2022-12-28T17:38:56.669-0300] {logging_mixin.py:137} INFO - [2022-12-28T17:38:56.669-0300] {dag.py:2697} INFO - Creating ORM DAG for example_external_task_marker_child
[2022-12-28T17:38:56.670-0300] {logging_mixin.py:137} INFO - [2022-12-28T17:38:56.670-0300] {dag.py:2697} INFO - Creating ORM DAG for example_external_task_marker_parent
[2022-12-28T17:38:56.679-0300] {logging_mixin.py:137} INFO - [2022-12-28T17:38:56.678-0300] {dag.py:3423} INFO - Setting next_dagrun for example_external_task_marker_child to None, run_after=None
[2022-12-28T17:38:56.679-0300] {logging_mixin.py:137} INFO - [2022-12-28T17:38:56.679-0300] {dag.py:3423} INFO - Setting next_dagrun for example_external_task_marker_parent to None, run_after=None
[2022-12-28T17:38:56.696-0300] {processor.py:175} INFO - Processing /home/debian/Documentos/PYTHONJOBS/airflowapp/venv/lib/python3.9/site-packages/airflow/example_dags/example_external_task_marker_dag.py took 0.211 seconds
[2022-12-28T17:39:35.371-0300] {processor.py:153} INFO - Started process (PID=13790) to work on /home/debian/Documentos/PYTHONJOBS/airflowapp/venv/lib/python3.9/site-packages/airflow/example_dags/example_external_task_marker_dag.py
[2022-12-28T17:39:35.372-0300] {processor.py:743} INFO - Processing file /home/debian/Documentos/PYTHONJOBS/airflowapp/venv/lib/python3.9/site-packages/airflow/example_dags/example_external_task_marker_dag.py for tasks to queue
[2022-12-28T17:39:35.373-0300] {logging_mixin.py:137} INFO - [2022-12-28T17:39:35.373-0300] {dagbag.py:538} INFO - Filling up the DagBag from /home/debian/Documentos/PYTHONJOBS/airflowapp/venv/lib/python3.9/site-packages/airflow/example_dags/example_external_task_marker_dag.py
[2022-12-28T17:39:35.384-0300] {processor.py:753} INFO - DAG(s) dict_keys(['example_external_task_marker_parent', 'example_external_task_marker_child']) retrieved from /home/debian/Documentos/PYTHONJOBS/airflowapp/venv/lib/python3.9/site-packages/airflow/example_dags/example_external_task_marker_dag.py
[2022-12-28T17:39:35.411-0300] {logging_mixin.py:137} INFO - [2022-12-28T17:39:35.411-0300] {dag.py:2676} INFO - Sync 2 DAGs
[2022-12-28T17:39:35.427-0300] {logging_mixin.py:137} INFO - [2022-12-28T17:39:35.427-0300] {dag.py:3423} INFO - Setting next_dagrun for example_external_task_marker_child to None, run_after=None
[2022-12-28T17:39:35.429-0300] {logging_mixin.py:137} INFO - [2022-12-28T17:39:35.429-0300] {dag.py:3423} INFO - Setting next_dagrun for example_external_task_marker_parent to None, run_after=None
[2022-12-28T17:39:35.443-0300] {processor.py:175} INFO - Processing /home/debian/Documentos/PYTHONJOBS/airflowapp/venv/lib/python3.9/site-packages/airflow/example_dags/example_external_task_marker_dag.py took 0.075 seconds
