[2022-12-28T17:38:33.389-0300] {processor.py:153} INFO - Started process (PID=13581) to work on /home/debian/Documentos/PYTHONJOBS/airflowapp/venv/lib/python3.9/site-packages/airflow/example_dags/example_subdag_operator.py
[2022-12-28T17:38:33.389-0300] {processor.py:743} INFO - Processing file /home/debian/Documentos/PYTHONJOBS/airflowapp/venv/lib/python3.9/site-packages/airflow/example_dags/example_subdag_operator.py for tasks to queue
[2022-12-28T17:38:33.390-0300] {logging_mixin.py:137} INFO - [2022-12-28T17:38:33.390-0300] {dagbag.py:538} INFO - Filling up the DagBag from /home/debian/Documentos/PYTHONJOBS/airflowapp/venv/lib/python3.9/site-packages/airflow/example_dags/example_subdag_operator.py
[2022-12-28T17:38:33.419-0300] {processor.py:753} INFO - DAG(s) dict_keys(['example_subdag_operator.section-1', 'example_subdag_operator.section-2', 'example_subdag_operator']) retrieved from /home/debian/Documentos/PYTHONJOBS/airflowapp/venv/lib/python3.9/site-packages/airflow/example_dags/example_subdag_operator.py
[2022-12-28T17:38:33.517-0300] {logging_mixin.py:137} INFO - [2022-12-28T17:38:33.517-0300] {manager.py:504} INFO - Created Permission View: can read on DAG:example_subdag_operator
[2022-12-28T17:38:33.526-0300] {logging_mixin.py:137} INFO - [2022-12-28T17:38:33.526-0300] {manager.py:504} INFO - Created Permission View: can delete on DAG:example_subdag_operator
[2022-12-28T17:38:33.533-0300] {logging_mixin.py:137} INFO - [2022-12-28T17:38:33.533-0300] {manager.py:504} INFO - Created Permission View: can edit on DAG:example_subdag_operator
[2022-12-28T17:38:33.533-0300] {logging_mixin.py:137} INFO - [2022-12-28T17:38:33.533-0300] {dag.py:2676} INFO - Sync 3 DAGs
[2022-12-28T17:38:33.544-0300] {logging_mixin.py:137} INFO - [2022-12-28T17:38:33.544-0300] {dag.py:2697} INFO - Creating ORM DAG for example_subdag_operator.section-1
[2022-12-28T17:38:33.545-0300] {logging_mixin.py:137} INFO - [2022-12-28T17:38:33.545-0300] {dag.py:2697} INFO - Creating ORM DAG for example_subdag_operator
[2022-12-28T17:38:33.545-0300] {logging_mixin.py:137} INFO - [2022-12-28T17:38:33.545-0300] {dag.py:2697} INFO - Creating ORM DAG for example_subdag_operator.section-2
[2022-12-28T17:38:33.556-0300] {logging_mixin.py:137} INFO - [2022-12-28T17:38:33.555-0300] {dag.py:3423} INFO - Setting next_dagrun for example_subdag_operator to 2022-01-01T00:00:00+00:00, run_after=2022-01-01T00:00:00+00:00
[2022-12-28T17:38:33.556-0300] {logging_mixin.py:137} INFO - [2022-12-28T17:38:33.556-0300] {dag.py:3423} INFO - Setting next_dagrun for example_subdag_operator.section-1 to None, run_after=None
[2022-12-28T17:38:33.556-0300] {logging_mixin.py:137} INFO - [2022-12-28T17:38:33.556-0300] {dag.py:3423} INFO - Setting next_dagrun for example_subdag_operator.section-2 to None, run_after=None
[2022-12-28T17:38:33.563-0300] {logging_mixin.py:137} INFO - [2022-12-28T17:38:33.563-0300] {dag.py:2676} INFO - Sync 2 DAGs
[2022-12-28T17:38:33.568-0300] {logging_mixin.py:137} INFO - [2022-12-28T17:38:33.568-0300] {dag.py:3423} INFO - Setting next_dagrun for example_subdag_operator.section-1 to None, run_after=None
[2022-12-28T17:38:33.570-0300] {logging_mixin.py:137} INFO - [2022-12-28T17:38:33.570-0300] {dag.py:3423} INFO - Setting next_dagrun for example_subdag_operator.section-2 to None, run_after=None
[2022-12-28T17:38:33.586-0300] {processor.py:175} INFO - Processing /home/debian/Documentos/PYTHONJOBS/airflowapp/venv/lib/python3.9/site-packages/airflow/example_dags/example_subdag_operator.py took 0.202 seconds
[2022-12-28T17:39:14.711-0300] {processor.py:153} INFO - Started process (PID=13718) to work on /home/debian/Documentos/PYTHONJOBS/airflowapp/venv/lib/python3.9/site-packages/airflow/example_dags/example_subdag_operator.py
[2022-12-28T17:39:14.712-0300] {processor.py:743} INFO - Processing file /home/debian/Documentos/PYTHONJOBS/airflowapp/venv/lib/python3.9/site-packages/airflow/example_dags/example_subdag_operator.py for tasks to queue
[2022-12-28T17:39:14.712-0300] {logging_mixin.py:137} INFO - [2022-12-28T17:39:14.712-0300] {dagbag.py:538} INFO - Filling up the DagBag from /home/debian/Documentos/PYTHONJOBS/airflowapp/venv/lib/python3.9/site-packages/airflow/example_dags/example_subdag_operator.py
[2022-12-28T17:39:14.741-0300] {processor.py:753} INFO - DAG(s) dict_keys(['example_subdag_operator.section-1', 'example_subdag_operator.section-2', 'example_subdag_operator']) retrieved from /home/debian/Documentos/PYTHONJOBS/airflowapp/venv/lib/python3.9/site-packages/airflow/example_dags/example_subdag_operator.py
[2022-12-28T17:39:14.778-0300] {logging_mixin.py:137} INFO - [2022-12-28T17:39:14.778-0300] {dag.py:2676} INFO - Sync 3 DAGs
[2022-12-28T17:39:14.798-0300] {logging_mixin.py:137} INFO - [2022-12-28T17:39:14.798-0300] {dag.py:3423} INFO - Setting next_dagrun for example_subdag_operator to 2022-01-01T00:00:00+00:00, run_after=2022-01-01T00:00:00+00:00
[2022-12-28T17:39:14.802-0300] {logging_mixin.py:137} INFO - [2022-12-28T17:39:14.802-0300] {dag.py:3423} INFO - Setting next_dagrun for example_subdag_operator.section-1 to None, run_after=None
[2022-12-28T17:39:14.803-0300] {logging_mixin.py:137} INFO - [2022-12-28T17:39:14.803-0300] {dag.py:3423} INFO - Setting next_dagrun for example_subdag_operator.section-2 to None, run_after=None
[2022-12-28T17:39:14.810-0300] {logging_mixin.py:137} INFO - [2022-12-28T17:39:14.809-0300] {dag.py:2676} INFO - Sync 2 DAGs
[2022-12-28T17:39:14.813-0300] {logging_mixin.py:137} INFO - [2022-12-28T17:39:14.813-0300] {dag.py:3423} INFO - Setting next_dagrun for example_subdag_operator.section-1 to None, run_after=None
[2022-12-28T17:39:14.813-0300] {logging_mixin.py:137} INFO - [2022-12-28T17:39:14.813-0300] {dag.py:3423} INFO - Setting next_dagrun for example_subdag_operator.section-2 to None, run_after=None
[2022-12-28T17:39:14.824-0300] {processor.py:175} INFO - Processing /home/debian/Documentos/PYTHONJOBS/airflowapp/venv/lib/python3.9/site-packages/airflow/example_dags/example_subdag_operator.py took 0.118 seconds
