[2022-12-28T17:38:52.485-0300] {processor.py:153} INFO - Started process (PID=13691) to work on /home/debian/Documentos/PYTHONJOBS/airflowapp/venv/lib/python3.9/site-packages/airflow/example_dags/example_branch_datetime_operator.py
[2022-12-28T17:38:52.486-0300] {processor.py:743} INFO - Processing file /home/debian/Documentos/PYTHONJOBS/airflowapp/venv/lib/python3.9/site-packages/airflow/example_dags/example_branch_datetime_operator.py for tasks to queue
[2022-12-28T17:38:52.487-0300] {logging_mixin.py:137} INFO - [2022-12-28T17:38:52.486-0300] {dagbag.py:538} INFO - Filling up the DagBag from /home/debian/Documentos/PYTHONJOBS/airflowapp/venv/lib/python3.9/site-packages/airflow/example_dags/example_branch_datetime_operator.py
[2022-12-28T17:38:52.501-0300] {processor.py:753} INFO - DAG(s) dict_keys(['example_branch_datetime_operator_3', 'example_branch_datetime_operator', 'example_branch_datetime_operator_2']) retrieved from /home/debian/Documentos/PYTHONJOBS/airflowapp/venv/lib/python3.9/site-packages/airflow/example_dags/example_branch_datetime_operator.py
[2022-12-28T17:38:52.585-0300] {logging_mixin.py:137} INFO - [2022-12-28T17:38:52.584-0300] {manager.py:504} INFO - Created Permission View: can read on DAG:example_branch_datetime_operator_3
[2022-12-28T17:38:52.591-0300] {logging_mixin.py:137} INFO - [2022-12-28T17:38:52.591-0300] {manager.py:504} INFO - Created Permission View: can delete on DAG:example_branch_datetime_operator_3
[2022-12-28T17:38:52.596-0300] {logging_mixin.py:137} INFO - [2022-12-28T17:38:52.595-0300] {manager.py:504} INFO - Created Permission View: can edit on DAG:example_branch_datetime_operator_3
[2022-12-28T17:38:52.606-0300] {logging_mixin.py:137} INFO - [2022-12-28T17:38:52.606-0300] {manager.py:504} INFO - Created Permission View: can read on DAG:example_branch_datetime_operator
[2022-12-28T17:38:52.611-0300] {logging_mixin.py:137} INFO - [2022-12-28T17:38:52.611-0300] {manager.py:504} INFO - Created Permission View: can delete on DAG:example_branch_datetime_operator
[2022-12-28T17:38:52.615-0300] {logging_mixin.py:137} INFO - [2022-12-28T17:38:52.615-0300] {manager.py:504} INFO - Created Permission View: can edit on DAG:example_branch_datetime_operator
[2022-12-28T17:38:52.625-0300] {logging_mixin.py:137} INFO - [2022-12-28T17:38:52.625-0300] {manager.py:504} INFO - Created Permission View: can read on DAG:example_branch_datetime_operator_2
[2022-12-28T17:38:52.630-0300] {logging_mixin.py:137} INFO - [2022-12-28T17:38:52.630-0300] {manager.py:504} INFO - Created Permission View: can delete on DAG:example_branch_datetime_operator_2
[2022-12-28T17:38:52.635-0300] {logging_mixin.py:137} INFO - [2022-12-28T17:38:52.634-0300] {manager.py:504} INFO - Created Permission View: can edit on DAG:example_branch_datetime_operator_2
[2022-12-28T17:38:52.635-0300] {logging_mixin.py:137} INFO - [2022-12-28T17:38:52.635-0300] {dag.py:2676} INFO - Sync 3 DAGs
[2022-12-28T17:38:52.644-0300] {logging_mixin.py:137} INFO - [2022-12-28T17:38:52.643-0300] {dag.py:2697} INFO - Creating ORM DAG for example_branch_datetime_operator_3
[2022-12-28T17:38:52.644-0300] {logging_mixin.py:137} INFO - [2022-12-28T17:38:52.644-0300] {dag.py:2697} INFO - Creating ORM DAG for example_branch_datetime_operator
[2022-12-28T17:38:52.644-0300] {logging_mixin.py:137} INFO - [2022-12-28T17:38:52.644-0300] {dag.py:2697} INFO - Creating ORM DAG for example_branch_datetime_operator_2
[2022-12-28T17:38:52.652-0300] {logging_mixin.py:137} INFO - [2022-12-28T17:38:52.652-0300] {dag.py:3423} INFO - Setting next_dagrun for example_branch_datetime_operator to 2022-12-27T00:00:00+00:00, run_after=2022-12-28T00:00:00+00:00
[2022-12-28T17:38:52.654-0300] {logging_mixin.py:137} INFO - [2022-12-28T17:38:52.654-0300] {dag.py:3423} INFO - Setting next_dagrun for example_branch_datetime_operator_2 to 2022-12-27T00:00:00+00:00, run_after=2022-12-28T00:00:00+00:00
[2022-12-28T17:38:52.655-0300] {logging_mixin.py:137} INFO - [2022-12-28T17:38:52.655-0300] {dag.py:3423} INFO - Setting next_dagrun for example_branch_datetime_operator_3 to 2022-12-27T00:00:00+00:00, run_after=2022-12-28T00:00:00+00:00
[2022-12-28T17:38:52.669-0300] {processor.py:175} INFO - Processing /home/debian/Documentos/PYTHONJOBS/airflowapp/venv/lib/python3.9/site-packages/airflow/example_dags/example_branch_datetime_operator.py took 0.187 seconds
[2022-12-28T17:39:31.249-0300] {processor.py:153} INFO - Started process (PID=13738) to work on /home/debian/Documentos/PYTHONJOBS/airflowapp/venv/lib/python3.9/site-packages/airflow/example_dags/example_branch_datetime_operator.py
[2022-12-28T17:39:31.251-0300] {processor.py:743} INFO - Processing file /home/debian/Documentos/PYTHONJOBS/airflowapp/venv/lib/python3.9/site-packages/airflow/example_dags/example_branch_datetime_operator.py for tasks to queue
[2022-12-28T17:39:31.251-0300] {logging_mixin.py:137} INFO - [2022-12-28T17:39:31.251-0300] {dagbag.py:538} INFO - Filling up the DagBag from /home/debian/Documentos/PYTHONJOBS/airflowapp/venv/lib/python3.9/site-packages/airflow/example_dags/example_branch_datetime_operator.py
[2022-12-28T17:39:31.266-0300] {processor.py:753} INFO - DAG(s) dict_keys(['example_branch_datetime_operator', 'example_branch_datetime_operator_2', 'example_branch_datetime_operator_3']) retrieved from /home/debian/Documentos/PYTHONJOBS/airflowapp/venv/lib/python3.9/site-packages/airflow/example_dags/example_branch_datetime_operator.py
[2022-12-28T17:39:31.297-0300] {logging_mixin.py:137} INFO - [2022-12-28T17:39:31.297-0300] {dag.py:2676} INFO - Sync 3 DAGs
[2022-12-28T17:39:31.315-0300] {logging_mixin.py:137} INFO - [2022-12-28T17:39:31.315-0300] {dag.py:3423} INFO - Setting next_dagrun for example_branch_datetime_operator to 2022-12-27T00:00:00+00:00, run_after=2022-12-28T00:00:00+00:00
[2022-12-28T17:39:31.319-0300] {logging_mixin.py:137} INFO - [2022-12-28T17:39:31.319-0300] {dag.py:3423} INFO - Setting next_dagrun for example_branch_datetime_operator_2 to 2022-12-27T00:00:00+00:00, run_after=2022-12-28T00:00:00+00:00
[2022-12-28T17:39:31.321-0300] {logging_mixin.py:137} INFO - [2022-12-28T17:39:31.320-0300] {dag.py:3423} INFO - Setting next_dagrun for example_branch_datetime_operator_3 to 2022-12-27T00:00:00+00:00, run_after=2022-12-28T00:00:00+00:00
[2022-12-28T17:39:31.335-0300] {processor.py:175} INFO - Processing /home/debian/Documentos/PYTHONJOBS/airflowapp/venv/lib/python3.9/site-packages/airflow/example_dags/example_branch_datetime_operator.py took 0.088 seconds
