[2022-12-28T17:38:29.254-0300] {processor.py:153} INFO - Started process (PID=13555) to work on /home/debian/Documentos/PYTHONJOBS/airflowapp/venv/lib/python3.9/site-packages/airflow/example_dags/example_xcomargs.py
[2022-12-28T17:38:29.255-0300] {processor.py:743} INFO - Processing file /home/debian/Documentos/PYTHONJOBS/airflowapp/venv/lib/python3.9/site-packages/airflow/example_dags/example_xcomargs.py for tasks to queue
[2022-12-28T17:38:29.255-0300] {logging_mixin.py:137} INFO - [2022-12-28T17:38:29.255-0300] {dagbag.py:538} INFO - Filling up the DagBag from /home/debian/Documentos/PYTHONJOBS/airflowapp/venv/lib/python3.9/site-packages/airflow/example_dags/example_xcomargs.py
[2022-12-28T17:38:29.283-0300] {processor.py:753} INFO - DAG(s) dict_keys(['example_xcom_args', 'example_xcom_args_with_operators']) retrieved from /home/debian/Documentos/PYTHONJOBS/airflowapp/venv/lib/python3.9/site-packages/airflow/example_dags/example_xcomargs.py
[2022-12-28T17:38:29.384-0300] {logging_mixin.py:137} INFO - [2022-12-28T17:38:29.384-0300] {manager.py:504} INFO - Created Permission View: can read on DAG:example_xcom_args
[2022-12-28T17:38:29.393-0300] {logging_mixin.py:137} INFO - [2022-12-28T17:38:29.393-0300] {manager.py:504} INFO - Created Permission View: can delete on DAG:example_xcom_args
[2022-12-28T17:38:29.400-0300] {logging_mixin.py:137} INFO - [2022-12-28T17:38:29.399-0300] {manager.py:504} INFO - Created Permission View: can edit on DAG:example_xcom_args
[2022-12-28T17:38:29.413-0300] {logging_mixin.py:137} INFO - [2022-12-28T17:38:29.413-0300] {manager.py:504} INFO - Created Permission View: can read on DAG:example_xcom_args_with_operators
[2022-12-28T17:38:29.419-0300] {logging_mixin.py:137} INFO - [2022-12-28T17:38:29.419-0300] {manager.py:504} INFO - Created Permission View: can delete on DAG:example_xcom_args_with_operators
[2022-12-28T17:38:29.427-0300] {logging_mixin.py:137} INFO - [2022-12-28T17:38:29.427-0300] {manager.py:504} INFO - Created Permission View: can edit on DAG:example_xcom_args_with_operators
[2022-12-28T17:38:29.428-0300] {logging_mixin.py:137} INFO - [2022-12-28T17:38:29.428-0300] {dag.py:2676} INFO - Sync 2 DAGs
[2022-12-28T17:38:29.439-0300] {logging_mixin.py:137} INFO - [2022-12-28T17:38:29.439-0300] {dag.py:2697} INFO - Creating ORM DAG for example_xcom_args
[2022-12-28T17:38:29.440-0300] {logging_mixin.py:137} INFO - [2022-12-28T17:38:29.440-0300] {dag.py:2697} INFO - Creating ORM DAG for example_xcom_args_with_operators
[2022-12-28T17:38:29.448-0300] {logging_mixin.py:137} INFO - [2022-12-28T17:38:29.447-0300] {dag.py:3423} INFO - Setting next_dagrun for example_xcom_args to None, run_after=None
[2022-12-28T17:38:29.448-0300] {logging_mixin.py:137} INFO - [2022-12-28T17:38:29.448-0300] {dag.py:3423} INFO - Setting next_dagrun for example_xcom_args_with_operators to None, run_after=None
[2022-12-28T17:38:29.464-0300] {processor.py:175} INFO - Processing /home/debian/Documentos/PYTHONJOBS/airflowapp/venv/lib/python3.9/site-packages/airflow/example_dags/example_xcomargs.py took 0.213 seconds
[2022-12-28T17:39:11.304-0300] {processor.py:153} INFO - Started process (PID=13715) to work on /home/debian/Documentos/PYTHONJOBS/airflowapp/venv/lib/python3.9/site-packages/airflow/example_dags/example_xcomargs.py
[2022-12-28T17:39:11.305-0300] {processor.py:743} INFO - Processing file /home/debian/Documentos/PYTHONJOBS/airflowapp/venv/lib/python3.9/site-packages/airflow/example_dags/example_xcomargs.py for tasks to queue
[2022-12-28T17:39:11.305-0300] {logging_mixin.py:137} INFO - [2022-12-28T17:39:11.305-0300] {dagbag.py:538} INFO - Filling up the DagBag from /home/debian/Documentos/PYTHONJOBS/airflowapp/venv/lib/python3.9/site-packages/airflow/example_dags/example_xcomargs.py
[2022-12-28T17:39:11.324-0300] {processor.py:753} INFO - DAG(s) dict_keys(['example_xcom_args_with_operators', 'example_xcom_args']) retrieved from /home/debian/Documentos/PYTHONJOBS/airflowapp/venv/lib/python3.9/site-packages/airflow/example_dags/example_xcomargs.py
[2022-12-28T17:39:11.350-0300] {logging_mixin.py:137} INFO - [2022-12-28T17:39:11.350-0300] {dag.py:2676} INFO - Sync 2 DAGs
[2022-12-28T17:39:11.364-0300] {logging_mixin.py:137} INFO - [2022-12-28T17:39:11.364-0300] {dag.py:3423} INFO - Setting next_dagrun for example_xcom_args to None, run_after=None
[2022-12-28T17:39:11.366-0300] {logging_mixin.py:137} INFO - [2022-12-28T17:39:11.366-0300] {dag.py:3423} INFO - Setting next_dagrun for example_xcom_args_with_operators to None, run_after=None
[2022-12-28T17:39:11.379-0300] {processor.py:175} INFO - Processing /home/debian/Documentos/PYTHONJOBS/airflowapp/venv/lib/python3.9/site-packages/airflow/example_dags/example_xcomargs.py took 0.078 seconds
