[2022-12-28T17:38:53.712-0300] {processor.py:153} INFO - Started process (PID=13693) to work on /home/debian/Documentos/PYTHONJOBS/airflowapp/venv/lib/python3.9/site-packages/airflow/example_dags/example_dag_decorator.py
[2022-12-28T17:38:53.713-0300] {processor.py:743} INFO - Processing file /home/debian/Documentos/PYTHONJOBS/airflowapp/venv/lib/python3.9/site-packages/airflow/example_dags/example_dag_decorator.py for tasks to queue
[2022-12-28T17:38:53.713-0300] {logging_mixin.py:137} INFO - [2022-12-28T17:38:53.713-0300] {dagbag.py:538} INFO - Filling up the DagBag from /home/debian/Documentos/PYTHONJOBS/airflowapp/venv/lib/python3.9/site-packages/airflow/example_dags/example_dag_decorator.py
[2022-12-28T17:38:53.727-0300] {logging_mixin.py:137} INFO - [2022-12-28T17:38:53.727-0300] {taskmixin.py:205} WARNING - Dependency <Task(_PythonDecoratedOperator): prepare_email>, send_email already registered for DAG: example_dag_decorator
[2022-12-28T17:38:53.727-0300] {logging_mixin.py:137} INFO - [2022-12-28T17:38:53.727-0300] {taskmixin.py:205} WARNING - Dependency <Task(EmailOperator): send_email>, prepare_email already registered for DAG: example_dag_decorator
[2022-12-28T17:38:53.736-0300] {processor.py:753} INFO - DAG(s) dict_keys(['example_dag_decorator']) retrieved from /home/debian/Documentos/PYTHONJOBS/airflowapp/venv/lib/python3.9/site-packages/airflow/example_dags/example_dag_decorator.py
[2022-12-28T17:38:53.814-0300] {logging_mixin.py:137} INFO - [2022-12-28T17:38:53.814-0300] {manager.py:504} INFO - Created Permission View: can read on DAG:example_dag_decorator
[2022-12-28T17:38:53.820-0300] {logging_mixin.py:137} INFO - [2022-12-28T17:38:53.820-0300] {manager.py:504} INFO - Created Permission View: can delete on DAG:example_dag_decorator
[2022-12-28T17:38:53.825-0300] {logging_mixin.py:137} INFO - [2022-12-28T17:38:53.824-0300] {manager.py:504} INFO - Created Permission View: can edit on DAG:example_dag_decorator
[2022-12-28T17:38:53.825-0300] {logging_mixin.py:137} INFO - [2022-12-28T17:38:53.825-0300] {dag.py:2676} INFO - Sync 1 DAGs
[2022-12-28T17:38:53.832-0300] {logging_mixin.py:137} INFO - [2022-12-28T17:38:53.832-0300] {dag.py:2697} INFO - Creating ORM DAG for example_dag_decorator
[2022-12-28T17:38:53.837-0300] {logging_mixin.py:137} INFO - [2022-12-28T17:38:53.837-0300] {dag.py:3423} INFO - Setting next_dagrun for example_dag_decorator to None, run_after=None
[2022-12-28T17:38:53.850-0300] {processor.py:175} INFO - Processing /home/debian/Documentos/PYTHONJOBS/airflowapp/venv/lib/python3.9/site-packages/airflow/example_dags/example_dag_decorator.py took 0.140 seconds
[2022-12-28T17:39:32.384-0300] {processor.py:153} INFO - Started process (PID=13766) to work on /home/debian/Documentos/PYTHONJOBS/airflowapp/venv/lib/python3.9/site-packages/airflow/example_dags/example_dag_decorator.py
[2022-12-28T17:39:32.388-0300] {processor.py:743} INFO - Processing file /home/debian/Documentos/PYTHONJOBS/airflowapp/venv/lib/python3.9/site-packages/airflow/example_dags/example_dag_decorator.py for tasks to queue
[2022-12-28T17:39:32.390-0300] {logging_mixin.py:137} INFO - [2022-12-28T17:39:32.389-0300] {dagbag.py:538} INFO - Filling up the DagBag from /home/debian/Documentos/PYTHONJOBS/airflowapp/venv/lib/python3.9/site-packages/airflow/example_dags/example_dag_decorator.py
[2022-12-28T17:39:32.411-0300] {logging_mixin.py:137} INFO - [2022-12-28T17:39:32.411-0300] {taskmixin.py:205} WARNING - Dependency <Task(_PythonDecoratedOperator): prepare_email>, send_email already registered for DAG: example_dag_decorator
[2022-12-28T17:39:32.411-0300] {logging_mixin.py:137} INFO - [2022-12-28T17:39:32.411-0300] {taskmixin.py:205} WARNING - Dependency <Task(EmailOperator): send_email>, prepare_email already registered for DAG: example_dag_decorator
[2022-12-28T17:39:32.422-0300] {processor.py:753} INFO - DAG(s) dict_keys(['example_dag_decorator']) retrieved from /home/debian/Documentos/PYTHONJOBS/airflowapp/venv/lib/python3.9/site-packages/airflow/example_dags/example_dag_decorator.py
[2022-12-28T17:39:32.500-0300] {logging_mixin.py:137} INFO - [2022-12-28T17:39:32.500-0300] {dag.py:2676} INFO - Sync 1 DAGs
[2022-12-28T17:39:32.523-0300] {logging_mixin.py:137} INFO - [2022-12-28T17:39:32.522-0300] {dag.py:3423} INFO - Setting next_dagrun for example_dag_decorator to None, run_after=None
[2022-12-28T17:39:32.542-0300] {processor.py:175} INFO - Processing /home/debian/Documentos/PYTHONJOBS/airflowapp/venv/lib/python3.9/site-packages/airflow/example_dags/example_dag_decorator.py took 0.162 seconds
