[2022-12-28T17:38:49.794-0300] {processor.py:153} INFO - Started process (PID=13689) to work on /home/debian/Documentos/PYTHONJOBS/airflowapp/venv/lib/python3.9/site-packages/airflow/example_dags/example_complex.py
[2022-12-28T17:38:49.794-0300] {processor.py:743} INFO - Processing file /home/debian/Documentos/PYTHONJOBS/airflowapp/venv/lib/python3.9/site-packages/airflow/example_dags/example_complex.py for tasks to queue
[2022-12-28T17:38:49.795-0300] {logging_mixin.py:137} INFO - [2022-12-28T17:38:49.795-0300] {dagbag.py:538} INFO - Filling up the DagBag from /home/debian/Documentos/PYTHONJOBS/airflowapp/venv/lib/python3.9/site-packages/airflow/example_dags/example_complex.py
[2022-12-28T17:38:49.803-0300] {logging_mixin.py:137} INFO - [2022-12-28T17:38:49.803-0300] {taskmixin.py:205} WARNING - Dependency <Task(BashOperator): create_entry_group>, delete_entry_group already registered for DAG: example_complex
[2022-12-28T17:38:49.803-0300] {logging_mixin.py:137} INFO - [2022-12-28T17:38:49.803-0300] {taskmixin.py:205} WARNING - Dependency <Task(BashOperator): delete_entry_group>, create_entry_group already registered for DAG: example_complex
[2022-12-28T17:38:49.803-0300] {logging_mixin.py:137} INFO - [2022-12-28T17:38:49.803-0300] {taskmixin.py:205} WARNING - Dependency <Task(BashOperator): create_entry_gcs>, delete_entry already registered for DAG: example_complex
[2022-12-28T17:38:49.804-0300] {logging_mixin.py:137} INFO - [2022-12-28T17:38:49.804-0300] {taskmixin.py:205} WARNING - Dependency <Task(BashOperator): delete_entry>, create_entry_gcs already registered for DAG: example_complex
[2022-12-28T17:38:49.804-0300] {logging_mixin.py:137} INFO - [2022-12-28T17:38:49.804-0300] {taskmixin.py:205} WARNING - Dependency <Task(BashOperator): create_tag>, delete_tag already registered for DAG: example_complex
[2022-12-28T17:38:49.804-0300] {logging_mixin.py:137} INFO - [2022-12-28T17:38:49.804-0300] {taskmixin.py:205} WARNING - Dependency <Task(BashOperator): delete_tag>, create_tag already registered for DAG: example_complex
[2022-12-28T17:38:49.810-0300] {processor.py:753} INFO - DAG(s) dict_keys(['example_complex']) retrieved from /home/debian/Documentos/PYTHONJOBS/airflowapp/venv/lib/python3.9/site-packages/airflow/example_dags/example_complex.py
[2022-12-28T17:38:49.910-0300] {logging_mixin.py:137} INFO - [2022-12-28T17:38:49.910-0300] {manager.py:504} INFO - Created Permission View: can read on DAG:example_complex
[2022-12-28T17:38:49.918-0300] {logging_mixin.py:137} INFO - [2022-12-28T17:38:49.918-0300] {manager.py:504} INFO - Created Permission View: can delete on DAG:example_complex
[2022-12-28T17:38:49.925-0300] {logging_mixin.py:137} INFO - [2022-12-28T17:38:49.925-0300] {manager.py:504} INFO - Created Permission View: can edit on DAG:example_complex
[2022-12-28T17:38:49.925-0300] {logging_mixin.py:137} INFO - [2022-12-28T17:38:49.925-0300] {dag.py:2676} INFO - Sync 1 DAGs
[2022-12-28T17:38:49.937-0300] {logging_mixin.py:137} INFO - [2022-12-28T17:38:49.937-0300] {dag.py:2697} INFO - Creating ORM DAG for example_complex
[2022-12-28T17:38:49.944-0300] {logging_mixin.py:137} INFO - [2022-12-28T17:38:49.944-0300] {dag.py:3423} INFO - Setting next_dagrun for example_complex to None, run_after=None
[2022-12-28T17:38:49.967-0300] {processor.py:175} INFO - Processing /home/debian/Documentos/PYTHONJOBS/airflowapp/venv/lib/python3.9/site-packages/airflow/example_dags/example_complex.py took 0.176 seconds
[2022-12-28T17:39:28.991-0300] {processor.py:153} INFO - Started process (PID=13735) to work on /home/debian/Documentos/PYTHONJOBS/airflowapp/venv/lib/python3.9/site-packages/airflow/example_dags/example_complex.py
[2022-12-28T17:39:28.992-0300] {processor.py:743} INFO - Processing file /home/debian/Documentos/PYTHONJOBS/airflowapp/venv/lib/python3.9/site-packages/airflow/example_dags/example_complex.py for tasks to queue
[2022-12-28T17:39:28.993-0300] {logging_mixin.py:137} INFO - [2022-12-28T17:39:28.993-0300] {dagbag.py:538} INFO - Filling up the DagBag from /home/debian/Documentos/PYTHONJOBS/airflowapp/venv/lib/python3.9/site-packages/airflow/example_dags/example_complex.py
[2022-12-28T17:39:29.002-0300] {logging_mixin.py:137} INFO - [2022-12-28T17:39:29.002-0300] {taskmixin.py:205} WARNING - Dependency <Task(BashOperator): create_entry_group>, delete_entry_group already registered for DAG: example_complex
[2022-12-28T17:39:29.002-0300] {logging_mixin.py:137} INFO - [2022-12-28T17:39:29.002-0300] {taskmixin.py:205} WARNING - Dependency <Task(BashOperator): delete_entry_group>, create_entry_group already registered for DAG: example_complex
[2022-12-28T17:39:29.002-0300] {logging_mixin.py:137} INFO - [2022-12-28T17:39:29.002-0300] {taskmixin.py:205} WARNING - Dependency <Task(BashOperator): create_entry_gcs>, delete_entry already registered for DAG: example_complex
[2022-12-28T17:39:29.002-0300] {logging_mixin.py:137} INFO - [2022-12-28T17:39:29.002-0300] {taskmixin.py:205} WARNING - Dependency <Task(BashOperator): delete_entry>, create_entry_gcs already registered for DAG: example_complex
[2022-12-28T17:39:29.003-0300] {logging_mixin.py:137} INFO - [2022-12-28T17:39:29.003-0300] {taskmixin.py:205} WARNING - Dependency <Task(BashOperator): create_tag>, delete_tag already registered for DAG: example_complex
[2022-12-28T17:39:29.003-0300] {logging_mixin.py:137} INFO - [2022-12-28T17:39:29.003-0300] {taskmixin.py:205} WARNING - Dependency <Task(BashOperator): delete_tag>, create_tag already registered for DAG: example_complex
[2022-12-28T17:39:29.010-0300] {processor.py:753} INFO - DAG(s) dict_keys(['example_complex']) retrieved from /home/debian/Documentos/PYTHONJOBS/airflowapp/venv/lib/python3.9/site-packages/airflow/example_dags/example_complex.py
[2022-12-28T17:39:29.040-0300] {logging_mixin.py:137} INFO - [2022-12-28T17:39:29.039-0300] {dag.py:2676} INFO - Sync 1 DAGs
[2022-12-28T17:39:29.055-0300] {logging_mixin.py:137} INFO - [2022-12-28T17:39:29.055-0300] {dag.py:3423} INFO - Setting next_dagrun for example_complex to None, run_after=None
[2022-12-28T17:39:29.069-0300] {processor.py:175} INFO - Processing /home/debian/Documentos/PYTHONJOBS/airflowapp/venv/lib/python3.9/site-packages/airflow/example_dags/example_complex.py took 0.081 seconds
