[2022-12-28T17:38:31.835-0300] {processor.py:153} INFO - Started process (PID=13561) to work on /home/debian/Documentos/PYTHONJOBS/airflowapp/venv/lib/python3.9/site-packages/airflow/example_dags/example_python_operator.py
[2022-12-28T17:38:31.836-0300] {processor.py:743} INFO - Processing file /home/debian/Documentos/PYTHONJOBS/airflowapp/venv/lib/python3.9/site-packages/airflow/example_dags/example_python_operator.py for tasks to queue
[2022-12-28T17:38:31.837-0300] {logging_mixin.py:137} INFO - [2022-12-28T17:38:31.837-0300] {dagbag.py:538} INFO - Filling up the DagBag from /home/debian/Documentos/PYTHONJOBS/airflowapp/venv/lib/python3.9/site-packages/airflow/example_dags/example_python_operator.py
[2022-12-28T17:38:31.885-0300] {logging_mixin.py:137} INFO - [2022-12-28T17:38:31.885-0300] {taskmixin.py:205} WARNING - Dependency <Task(_PythonDecoratedOperator): print_the_context>, log_sql_query already registered for DAG: example_python_operator
[2022-12-28T17:38:31.885-0300] {logging_mixin.py:137} INFO - [2022-12-28T17:38:31.885-0300] {taskmixin.py:205} WARNING - Dependency <Task(_PythonDecoratedOperator): log_sql_query>, print_the_context already registered for DAG: example_python_operator
[2022-12-28T17:38:31.886-0300] {logging_mixin.py:137} INFO - [2022-12-28T17:38:31.886-0300] {taskmixin.py:205} WARNING - Dependency <Task(_PythonDecoratedOperator): print_the_context>, log_sql_query already registered for DAG: example_python_operator
[2022-12-28T17:38:31.886-0300] {logging_mixin.py:137} INFO - [2022-12-28T17:38:31.886-0300] {taskmixin.py:205} WARNING - Dependency <Task(_PythonDecoratedOperator): log_sql_query>, print_the_context already registered for DAG: example_python_operator
[2022-12-28T17:38:31.887-0300] {logging_mixin.py:137} INFO - [2022-12-28T17:38:31.887-0300] {taskmixin.py:205} WARNING - Dependency <Task(_PythonDecoratedOperator): print_the_context>, log_sql_query already registered for DAG: example_python_operator
[2022-12-28T17:38:31.887-0300] {logging_mixin.py:137} INFO - [2022-12-28T17:38:31.887-0300] {taskmixin.py:205} WARNING - Dependency <Task(_PythonDecoratedOperator): log_sql_query>, print_the_context already registered for DAG: example_python_operator
[2022-12-28T17:38:31.887-0300] {logging_mixin.py:137} INFO - [2022-12-28T17:38:31.887-0300] {taskmixin.py:205} WARNING - Dependency <Task(_PythonDecoratedOperator): print_the_context>, log_sql_query already registered for DAG: example_python_operator
[2022-12-28T17:38:31.887-0300] {logging_mixin.py:137} INFO - [2022-12-28T17:38:31.887-0300] {taskmixin.py:205} WARNING - Dependency <Task(_PythonDecoratedOperator): log_sql_query>, print_the_context already registered for DAG: example_python_operator
[2022-12-28T17:38:31.888-0300] {logging_mixin.py:137} INFO - [2022-12-28T17:38:31.887-0300] {example_python_operator.py:90} WARNING - The virtalenv_python example task requires virtualenv, please install it.
[2022-12-28T17:38:31.892-0300] {processor.py:753} INFO - DAG(s) dict_keys(['example_python_operator']) retrieved from /home/debian/Documentos/PYTHONJOBS/airflowapp/venv/lib/python3.9/site-packages/airflow/example_dags/example_python_operator.py
[2022-12-28T17:38:32.168-0300] {logging_mixin.py:137} INFO - [2022-12-28T17:38:32.168-0300] {manager.py:504} INFO - Created Permission View: can read on DAG:example_python_operator
[2022-12-28T17:38:32.187-0300] {logging_mixin.py:137} INFO - [2022-12-28T17:38:32.187-0300] {manager.py:504} INFO - Created Permission View: can delete on DAG:example_python_operator
[2022-12-28T17:38:32.194-0300] {logging_mixin.py:137} INFO - [2022-12-28T17:38:32.194-0300] {manager.py:504} INFO - Created Permission View: can edit on DAG:example_python_operator
[2022-12-28T17:38:32.194-0300] {logging_mixin.py:137} INFO - [2022-12-28T17:38:32.194-0300] {dag.py:2676} INFO - Sync 1 DAGs
[2022-12-28T17:38:32.212-0300] {logging_mixin.py:137} INFO - [2022-12-28T17:38:32.212-0300] {dag.py:2697} INFO - Creating ORM DAG for example_python_operator
[2022-12-28T17:38:32.221-0300] {logging_mixin.py:137} INFO - [2022-12-28T17:38:32.221-0300] {dag.py:3423} INFO - Setting next_dagrun for example_python_operator to None, run_after=None
[2022-12-28T17:38:32.240-0300] {processor.py:175} INFO - Processing /home/debian/Documentos/PYTHONJOBS/airflowapp/venv/lib/python3.9/site-packages/airflow/example_dags/example_python_operator.py took 0.407 seconds
[2022-12-28T17:39:13.576-0300] {processor.py:153} INFO - Started process (PID=13717) to work on /home/debian/Documentos/PYTHONJOBS/airflowapp/venv/lib/python3.9/site-packages/airflow/example_dags/example_python_operator.py
[2022-12-28T17:39:13.577-0300] {processor.py:743} INFO - Processing file /home/debian/Documentos/PYTHONJOBS/airflowapp/venv/lib/python3.9/site-packages/airflow/example_dags/example_python_operator.py for tasks to queue
[2022-12-28T17:39:13.578-0300] {logging_mixin.py:137} INFO - [2022-12-28T17:39:13.577-0300] {dagbag.py:538} INFO - Filling up the DagBag from /home/debian/Documentos/PYTHONJOBS/airflowapp/venv/lib/python3.9/site-packages/airflow/example_dags/example_python_operator.py
[2022-12-28T17:39:13.593-0300] {logging_mixin.py:137} INFO - [2022-12-28T17:39:13.593-0300] {taskmixin.py:205} WARNING - Dependency <Task(_PythonDecoratedOperator): print_the_context>, log_sql_query already registered for DAG: example_python_operator
[2022-12-28T17:39:13.594-0300] {logging_mixin.py:137} INFO - [2022-12-28T17:39:13.593-0300] {taskmixin.py:205} WARNING - Dependency <Task(_PythonDecoratedOperator): log_sql_query>, print_the_context already registered for DAG: example_python_operator
[2022-12-28T17:39:13.594-0300] {logging_mixin.py:137} INFO - [2022-12-28T17:39:13.594-0300] {taskmixin.py:205} WARNING - Dependency <Task(_PythonDecoratedOperator): print_the_context>, log_sql_query already registered for DAG: example_python_operator
[2022-12-28T17:39:13.594-0300] {logging_mixin.py:137} INFO - [2022-12-28T17:39:13.594-0300] {taskmixin.py:205} WARNING - Dependency <Task(_PythonDecoratedOperator): log_sql_query>, print_the_context already registered for DAG: example_python_operator
[2022-12-28T17:39:13.594-0300] {logging_mixin.py:137} INFO - [2022-12-28T17:39:13.594-0300] {taskmixin.py:205} WARNING - Dependency <Task(_PythonDecoratedOperator): print_the_context>, log_sql_query already registered for DAG: example_python_operator
[2022-12-28T17:39:13.595-0300] {logging_mixin.py:137} INFO - [2022-12-28T17:39:13.595-0300] {taskmixin.py:205} WARNING - Dependency <Task(_PythonDecoratedOperator): log_sql_query>, print_the_context already registered for DAG: example_python_operator
[2022-12-28T17:39:13.595-0300] {logging_mixin.py:137} INFO - [2022-12-28T17:39:13.595-0300] {taskmixin.py:205} WARNING - Dependency <Task(_PythonDecoratedOperator): print_the_context>, log_sql_query already registered for DAG: example_python_operator
[2022-12-28T17:39:13.595-0300] {logging_mixin.py:137} INFO - [2022-12-28T17:39:13.595-0300] {taskmixin.py:205} WARNING - Dependency <Task(_PythonDecoratedOperator): log_sql_query>, print_the_context already registered for DAG: example_python_operator
[2022-12-28T17:39:13.595-0300] {logging_mixin.py:137} INFO - [2022-12-28T17:39:13.595-0300] {example_python_operator.py:90} WARNING - The virtalenv_python example task requires virtualenv, please install it.
[2022-12-28T17:39:13.599-0300] {processor.py:753} INFO - DAG(s) dict_keys(['example_python_operator']) retrieved from /home/debian/Documentos/PYTHONJOBS/airflowapp/venv/lib/python3.9/site-packages/airflow/example_dags/example_python_operator.py
[2022-12-28T17:39:13.624-0300] {logging_mixin.py:137} INFO - [2022-12-28T17:39:13.624-0300] {dag.py:2676} INFO - Sync 1 DAGs
[2022-12-28T17:39:13.640-0300] {logging_mixin.py:137} INFO - [2022-12-28T17:39:13.640-0300] {dag.py:3423} INFO - Setting next_dagrun for example_python_operator to None, run_after=None
[2022-12-28T17:39:13.655-0300] {processor.py:175} INFO - Processing /home/debian/Documentos/PYTHONJOBS/airflowapp/venv/lib/python3.9/site-packages/airflow/example_dags/example_python_operator.py took 0.082 seconds
