[2022-12-28T17:38:37.006-0300] {processor.py:153} INFO - Started process (PID=13608) to work on /home/debian/Documentos/PYTHONJOBS/airflowapp/venv/lib/python3.9/site-packages/airflow/example_dags/example_sensor_decorator.py
[2022-12-28T17:38:37.006-0300] {processor.py:743} INFO - Processing file /home/debian/Documentos/PYTHONJOBS/airflowapp/venv/lib/python3.9/site-packages/airflow/example_dags/example_sensor_decorator.py for tasks to queue
[2022-12-28T17:38:37.007-0300] {logging_mixin.py:137} INFO - [2022-12-28T17:38:37.007-0300] {dagbag.py:538} INFO - Filling up the DagBag from /home/debian/Documentos/PYTHONJOBS/airflowapp/venv/lib/python3.9/site-packages/airflow/example_dags/example_sensor_decorator.py
[2022-12-28T17:38:37.075-0300] {logging_mixin.py:137} WARNING - /home/debian/Documentos/PYTHONJOBS/airflowapp/venv/lib/python3.9/site-packages/airflow/models/dag.py:3492 RemovedInAirflow3Warning: Param `schedule_interval` is deprecated and will be removed in a future release. Please use `schedule` instead.
[2022-12-28T17:38:37.090-0300] {processor.py:753} INFO - DAG(s) dict_keys(['example_sensor_decorator']) retrieved from /home/debian/Documentos/PYTHONJOBS/airflowapp/venv/lib/python3.9/site-packages/airflow/example_dags/example_sensor_decorator.py
[2022-12-28T17:38:37.290-0300] {logging_mixin.py:137} INFO - [2022-12-28T17:38:37.290-0300] {manager.py:504} INFO - Created Permission View: can read on DAG:example_sensor_decorator
[2022-12-28T17:38:37.299-0300] {logging_mixin.py:137} INFO - [2022-12-28T17:38:37.299-0300] {manager.py:504} INFO - Created Permission View: can delete on DAG:example_sensor_decorator
[2022-12-28T17:38:37.306-0300] {logging_mixin.py:137} INFO - [2022-12-28T17:38:37.306-0300] {manager.py:504} INFO - Created Permission View: can edit on DAG:example_sensor_decorator
[2022-12-28T17:38:37.307-0300] {logging_mixin.py:137} INFO - [2022-12-28T17:38:37.306-0300] {dag.py:2676} INFO - Sync 1 DAGs
[2022-12-28T17:38:37.327-0300] {logging_mixin.py:137} INFO - [2022-12-28T17:38:37.326-0300] {dag.py:2697} INFO - Creating ORM DAG for example_sensor_decorator
[2022-12-28T17:38:37.380-0300] {logging_mixin.py:137} INFO - [2022-12-28T17:38:37.380-0300] {dag.py:3423} INFO - Setting next_dagrun for example_sensor_decorator to None, run_after=None
[2022-12-28T17:38:37.467-0300] {processor.py:175} INFO - Processing /home/debian/Documentos/PYTHONJOBS/airflowapp/venv/lib/python3.9/site-packages/airflow/example_dags/example_sensor_decorator.py took 0.467 seconds
[2022-12-28T17:39:17.576-0300] {processor.py:153} INFO - Started process (PID=13722) to work on /home/debian/Documentos/PYTHONJOBS/airflowapp/venv/lib/python3.9/site-packages/airflow/example_dags/example_sensor_decorator.py
[2022-12-28T17:39:17.578-0300] {processor.py:743} INFO - Processing file /home/debian/Documentos/PYTHONJOBS/airflowapp/venv/lib/python3.9/site-packages/airflow/example_dags/example_sensor_decorator.py for tasks to queue
[2022-12-28T17:39:17.578-0300] {logging_mixin.py:137} INFO - [2022-12-28T17:39:17.578-0300] {dagbag.py:538} INFO - Filling up the DagBag from /home/debian/Documentos/PYTHONJOBS/airflowapp/venv/lib/python3.9/site-packages/airflow/example_dags/example_sensor_decorator.py
[2022-12-28T17:39:17.595-0300] {logging_mixin.py:137} WARNING - /home/debian/Documentos/PYTHONJOBS/airflowapp/venv/lib/python3.9/site-packages/airflow/models/dag.py:3492 RemovedInAirflow3Warning: Param `schedule_interval` is deprecated and will be removed in a future release. Please use `schedule` instead.
[2022-12-28T17:39:17.601-0300] {processor.py:753} INFO - DAG(s) dict_keys(['example_sensor_decorator']) retrieved from /home/debian/Documentos/PYTHONJOBS/airflowapp/venv/lib/python3.9/site-packages/airflow/example_dags/example_sensor_decorator.py
[2022-12-28T17:39:17.626-0300] {logging_mixin.py:137} INFO - [2022-12-28T17:39:17.626-0300] {dag.py:2676} INFO - Sync 1 DAGs
[2022-12-28T17:39:17.641-0300] {logging_mixin.py:137} INFO - [2022-12-28T17:39:17.641-0300] {dag.py:3423} INFO - Setting next_dagrun for example_sensor_decorator to None, run_after=None
[2022-12-28T17:39:17.655-0300] {processor.py:175} INFO - Processing /home/debian/Documentos/PYTHONJOBS/airflowapp/venv/lib/python3.9/site-packages/airflow/example_dags/example_sensor_decorator.py took 0.082 seconds
